*** FINAL DNC STATE ***
Analysis state for FIRST_IMPL
Augmented dependency graph for global dependencies
 (FIRST_IMPL.G[Program]'shared_info,FIRST_IMPL.G[Program]'shared_info$declarationTable.s_first,FIRST_IMPL.G[Program]'shared_info$declarationTable,FIRST_IMPL.G[Program]'shared_info$epsilon,FIRST_IMPL.G[Program]'shared_info$declarationTable!.s_first,FIRST_IMPL.G[Program]'shared_info$declarationTable!,FIRST_IMPL.program_first,declarationTable,declarationTable$s_first,epsilon)
FIRST_IMPL.G[Program]'shared_info->FIRST_IMPL.G[Program]'shared_info$declarationTable.s_first:?_
FIRST_IMPL.G[Program]'shared_info->FIRST_IMPL.G[Program]'shared_info$declarationTable!.s_first:?_
FIRST_IMPL.G[Program]'shared_info->FIRST_IMPL.program_first:?_
FIRST_IMPL.G[Program]'shared_info->declarationTable$s_first:?_
FIRST_IMPL.G[Program]'shared_info$declarationTable.s_first->FIRST_IMPL.G[Program]'shared_info$declarationTable.s_first:?_
FIRST_IMPL.G[Program]'shared_info$declarationTable.s_first->FIRST_IMPL.G[Program]'shared_info$declarationTable!.s_first:?_
FIRST_IMPL.G[Program]'shared_info$declarationTable.s_first->declarationTable$s_first:?_
FIRST_IMPL.G[Program]'shared_info$declarationTable->FIRST_IMPL.G[Program]'shared_info$declarationTable.s_first:?_
FIRST_IMPL.G[Program]'shared_info$declarationTable->FIRST_IMPL.G[Program]'shared_info$declarationTable!.s_first:?_
FIRST_IMPL.G[Program]'shared_info$declarationTable->FIRST_IMPL.program_first:?_
FIRST_IMPL.G[Program]'shared_info$declarationTable->declarationTable$s_first:?_
FIRST_IMPL.G[Program]'shared_info$epsilon->FIRST_IMPL.G[Program]'shared_info$declarationTable.s_first:?_
FIRST_IMPL.G[Program]'shared_info$epsilon->FIRST_IMPL.G[Program]'shared_info$declarationTable!.s_first:?_
FIRST_IMPL.G[Program]'shared_info$epsilon->declarationTable$s_first:?_
FIRST_IMPL.G[Program]'shared_info$declarationTable!.s_first->FIRST_IMPL.G[Program]'shared_info$declarationTable.s_first:?_
FIRST_IMPL.G[Program]'shared_info$declarationTable!.s_first->FIRST_IMPL.G[Program]'shared_info$declarationTable!.s_first:?_
FIRST_IMPL.G[Program]'shared_info$declarationTable!.s_first->declarationTable$s_first:(_),?_
FIRST_IMPL.G[Program]'shared_info$declarationTable!->FIRST_IMPL.G[Program]'shared_info$declarationTable.s_first:?_
FIRST_IMPL.G[Program]'shared_info$declarationTable!->FIRST_IMPL.G[Program]'shared_info$declarationTable:?_
FIRST_IMPL.G[Program]'shared_info$declarationTable!->FIRST_IMPL.G[Program]'shared_info$declarationTable!.s_first:?_
FIRST_IMPL.G[Program]'shared_info$declarationTable!->FIRST_IMPL.program_first:?_
FIRST_IMPL.G[Program]'shared_info$declarationTable!->declarationTable:_
FIRST_IMPL.G[Program]'shared_info$declarationTable!->declarationTable$s_first:?_
declarationTable->FIRST_IMPL.G[Program]'shared_info$declarationTable.s_first:?_
declarationTable->FIRST_IMPL.G[Program]'shared_info$declarationTable:_
declarationTable->FIRST_IMPL.G[Program]'shared_info$declarationTable!.s_first:?_
declarationTable->FIRST_IMPL.program_first:?_
declarationTable->declarationTable$s_first:?_
declarationTable$s_first->FIRST_IMPL.G[Program]'shared_info$declarationTable.s_first:(_),?_
declarationTable$s_first->FIRST_IMPL.G[Program]'shared_info$declarationTable!.s_first:?_
declarationTable$s_first->declarationTable$s_first:?_
epsilon->FIRST_IMPL.G[Program]'shared_info$declarationTable.s_first:?_
epsilon->FIRST_IMPL.G[Program]'shared_info$epsilon:_
epsilon->FIRST_IMPL.G[Program]'shared_info$declarationTable!.s_first:?_
epsilon->declarationTable$s_first:?_

Augmented dependency graph for FIRST[].terminal
 (self.G[Item]'shared_info,self.item_symbol,self.item_is_terminal)

Augmented dependency graph for FIRST[].nonterminal
 (self.G[Item]'shared_info,self.item_symbol,self.item_is_terminal)

Augmented dependency graph for FIRST[].stmt
 (self.G[Stmt]'shared_info,self.G[Stmt]'shared_info$declarationTable.s_first,self.G[Stmt]'shared_info$declarationTable,self.G[Stmt]'shared_info$epsilon,self.G[Stmt]'shared_info$declarationTable!.s_first,self.G[Stmt]'shared_info$declarationTable!,items.G[Items]'shared_info,items.G[Items]'shared_info$declarationTable.s_first,items.G[Items]'shared_info$declarationTable,items.G[Items]'shared_info$epsilon,items.items_first,temp,s_obj,s_obj$s_first,s_obj$s_first!)
self.G[Stmt]'shared_info->self.G[Stmt]'shared_info$declarationTable.s_first:?_
self.G[Stmt]'shared_info->self.G[Stmt]'shared_info$declarationTable!.s_first:?_
self.G[Stmt]'shared_info->items.G[Items]'shared_info:_
self.G[Stmt]'shared_info->items.G[Items]'shared_info$declarationTable.s_first:?_
self.G[Stmt]'shared_info->items.items_first:?_
self.G[Stmt]'shared_info->temp:?_
self.G[Stmt]'shared_info->s_obj$s_first:?_
self.G[Stmt]'shared_info->s_obj$s_first!:?_
self.G[Stmt]'shared_info$declarationTable.s_first->self.G[Stmt]'shared_info$declarationTable.s_first:?_
self.G[Stmt]'shared_info$declarationTable.s_first->self.G[Stmt]'shared_info$declarationTable!.s_first:?_
self.G[Stmt]'shared_info$declarationTable.s_first->items.G[Items]'shared_info$declarationTable.s_first:(_),?_
self.G[Stmt]'shared_info$declarationTable.s_first->items.items_first:?_
self.G[Stmt]'shared_info$declarationTable.s_first->temp:?_
self.G[Stmt]'shared_info$declarationTable.s_first->s_obj$s_first:?_
self.G[Stmt]'shared_info$declarationTable.s_first->s_obj$s_first!:?_
self.G[Stmt]'shared_info$declarationTable->self.G[Stmt]'shared_info$declarationTable.s_first:?_
self.G[Stmt]'shared_info$declarationTable->self.G[Stmt]'shared_info$declarationTable!.s_first:?_
self.G[Stmt]'shared_info$declarationTable->items.G[Items]'shared_info$declarationTable.s_first:?_
self.G[Stmt]'shared_info$declarationTable->items.G[Items]'shared_info$declarationTable:(_)
self.G[Stmt]'shared_info$declarationTable->items.items_first:?_
self.G[Stmt]'shared_info$declarationTable->temp:?_
self.G[Stmt]'shared_info$declarationTable->s_obj$s_first:?_
self.G[Stmt]'shared_info$declarationTable->s_obj$s_first!:?_
self.G[Stmt]'shared_info$epsilon->self.G[Stmt]'shared_info$declarationTable.s_first:?_
self.G[Stmt]'shared_info$epsilon->self.G[Stmt]'shared_info$declarationTable!.s_first:?_
self.G[Stmt]'shared_info$epsilon->items.G[Items]'shared_info$declarationTable.s_first:?_
self.G[Stmt]'shared_info$epsilon->items.G[Items]'shared_info$epsilon:(_)
self.G[Stmt]'shared_info$epsilon->items.items_first:?_
self.G[Stmt]'shared_info$epsilon->temp:?_
self.G[Stmt]'shared_info$epsilon->s_obj$s_first:?_
self.G[Stmt]'shared_info$epsilon->s_obj$s_first!:?_
self.G[Stmt]'shared_info$declarationTable!.s_first->self.G[Stmt]'shared_info$declarationTable.s_first:?_
self.G[Stmt]'shared_info$declarationTable!.s_first->self.G[Stmt]'shared_info$declarationTable!.s_first:?_
self.G[Stmt]'shared_info$declarationTable!.s_first->items.G[Items]'shared_info$declarationTable.s_first:?_
self.G[Stmt]'shared_info$declarationTable!.s_first->items.items_first:?_
self.G[Stmt]'shared_info$declarationTable!.s_first->temp:?_
self.G[Stmt]'shared_info$declarationTable!.s_first->s_obj$s_first:?_
self.G[Stmt]'shared_info$declarationTable!.s_first->s_obj$s_first!:?_
self.G[Stmt]'shared_info$declarationTable!->self.G[Stmt]'shared_info$declarationTable.s_first:?_
self.G[Stmt]'shared_info$declarationTable!->self.G[Stmt]'shared_info$declarationTable:?_
self.G[Stmt]'shared_info$declarationTable!->self.G[Stmt]'shared_info$declarationTable!.s_first:?_
self.G[Stmt]'shared_info$declarationTable!->items.G[Items]'shared_info$declarationTable.s_first:?_
self.G[Stmt]'shared_info$declarationTable!->items.G[Items]'shared_info$declarationTable:?_
self.G[Stmt]'shared_info$declarationTable!->items.items_first:?_
self.G[Stmt]'shared_info$declarationTable!->temp:?_
self.G[Stmt]'shared_info$declarationTable!->s_obj$s_first:?_
self.G[Stmt]'shared_info$declarationTable!->s_obj$s_first!:?_
items.G[Items]'shared_info->self.G[Stmt]'shared_info$declarationTable.s_first:?_
items.G[Items]'shared_info->self.G[Stmt]'shared_info$declarationTable!.s_first:?_
items.G[Items]'shared_info->items.G[Items]'shared_info$declarationTable.s_first:?_
items.G[Items]'shared_info->items.items_first:?_
items.G[Items]'shared_info->temp:?_
items.G[Items]'shared_info->s_obj$s_first:?_
items.G[Items]'shared_info->s_obj$s_first!:?_
items.G[Items]'shared_info$declarationTable.s_first->self.G[Stmt]'shared_info$declarationTable.s_first:?_
items.G[Items]'shared_info$declarationTable.s_first->self.G[Stmt]'shared_info$declarationTable!.s_first:?_
items.G[Items]'shared_info$declarationTable.s_first->items.G[Items]'shared_info$declarationTable.s_first:?_
items.G[Items]'shared_info$declarationTable.s_first->items.items_first:?_
items.G[Items]'shared_info$declarationTable.s_first->temp:?_
items.G[Items]'shared_info$declarationTable.s_first->s_obj$s_first:?_
items.G[Items]'shared_info$declarationTable.s_first->s_obj$s_first!:?_
items.G[Items]'shared_info$declarationTable->self.G[Stmt]'shared_info$declarationTable.s_first:?_
items.G[Items]'shared_info$declarationTable->self.G[Stmt]'shared_info$declarationTable!.s_first:?_
items.G[Items]'shared_info$declarationTable->items.G[Items]'shared_info$declarationTable.s_first:?_
items.G[Items]'shared_info$declarationTable->items.items_first:?_
items.G[Items]'shared_info$declarationTable->temp:?_
items.G[Items]'shared_info$declarationTable->s_obj$s_first:?_
items.G[Items]'shared_info$declarationTable->s_obj$s_first!:?_
items.G[Items]'shared_info$epsilon->self.G[Stmt]'shared_info$declarationTable.s_first:?_
items.G[Items]'shared_info$epsilon->self.G[Stmt]'shared_info$declarationTable!.s_first:?_
items.G[Items]'shared_info$epsilon->items.G[Items]'shared_info$declarationTable.s_first:?_
items.G[Items]'shared_info$epsilon->items.items_first:?_
items.G[Items]'shared_info$epsilon->temp:?_
items.G[Items]'shared_info$epsilon->s_obj$s_first:?_
items.G[Items]'shared_info$epsilon->s_obj$s_first!:?_
items.items_first->self.G[Stmt]'shared_info$declarationTable.s_first:?_
items.items_first->self.G[Stmt]'shared_info$declarationTable!.s_first:?_
items.items_first->items.G[Items]'shared_info$declarationTable.s_first:?_
items.items_first->items.items_first:?_
items.items_first->temp:_
items.items_first->s_obj$s_first:?_
items.items_first->s_obj$s_first!:?_
temp->self.G[Stmt]'shared_info$declarationTable.s_first:?_
temp->self.G[Stmt]'shared_info$declarationTable!.s_first:?_
temp->items.G[Items]'shared_info$declarationTable.s_first:?_
temp->items.items_first:?_
temp->temp:?_
temp->s_obj$s_first:?_
temp->s_obj$s_first!:_
s_obj->self.G[Stmt]'shared_info$declarationTable.s_first:?_
s_obj->self.G[Stmt]'shared_info$declarationTable:?_
s_obj->self.G[Stmt]'shared_info$declarationTable!.s_first:?_
s_obj->self.G[Stmt]'shared_info$declarationTable!:_
s_obj->items.G[Items]'shared_info$declarationTable.s_first:?_
s_obj->items.G[Items]'shared_info$declarationTable:?_
s_obj->items.items_first:?_
s_obj->temp:?_
s_obj->s_obj$s_first:?_
s_obj->s_obj$s_first!:_
s_obj$s_first->self.G[Stmt]'shared_info$declarationTable.s_first:?_
s_obj$s_first->self.G[Stmt]'shared_info$declarationTable!.s_first:(_),?_
s_obj$s_first->items.G[Items]'shared_info$declarationTable.s_first:?_
s_obj$s_first->items.items_first:?_
s_obj$s_first->temp:?_
s_obj$s_first->s_obj$s_first:?_
s_obj$s_first->s_obj$s_first!:?_
s_obj$s_first!->self.G[Stmt]'shared_info$declarationTable.s_first:?_
s_obj$s_first!->self.G[Stmt]'shared_info$declarationTable!.s_first:?_
s_obj$s_first!->items.G[Items]'shared_info$declarationTable.s_first:?_
s_obj$s_first!->items.items_first:?_
s_obj$s_first!->temp:?_
s_obj$s_first!->s_obj$s_first:(_),?_
s_obj$s_first!->s_obj$s_first!:?_

Augmented dependency graph for FIRST[].program
 (self.G[Program]'shared_info,self.G[Program]'shared_info$declarationTable.s_first,self.G[Program]'shared_info$declarationTable,self.G[Program]'shared_info$epsilon,self.G[Program]'shared_info$declarationTable!.s_first,self.G[Program]'shared_info$declarationTable!,self.program_first,stmts.G[Stmts]'shared_info,stmts.G[Stmts]'shared_info$declarationTable.s_first,stmts.G[Stmts]'shared_info$declarationTable,stmts.G[Stmts]'shared_info$epsilon,stmts.G[Stmts]'shared_info$declarationTable!.s_first,stmts.G[Stmts]'shared_info$declarationTable!)
self.G[Program]'shared_info->self.G[Program]'shared_info$declarationTable.s_first:?_
self.G[Program]'shared_info->self.G[Program]'shared_info$declarationTable!.s_first:?_
self.G[Program]'shared_info->self.program_first:_
self.G[Program]'shared_info->stmts.G[Stmts]'shared_info:_
self.G[Program]'shared_info->stmts.G[Stmts]'shared_info$declarationTable.s_first:?_
self.G[Program]'shared_info->stmts.G[Stmts]'shared_info$declarationTable!.s_first:?_
self.G[Program]'shared_info$declarationTable.s_first->self.G[Program]'shared_info$declarationTable.s_first:?_
self.G[Program]'shared_info$declarationTable.s_first->self.G[Program]'shared_info$declarationTable!.s_first:?_
self.G[Program]'shared_info$declarationTable.s_first->stmts.G[Stmts]'shared_info$declarationTable.s_first:(_),?_
self.G[Program]'shared_info$declarationTable.s_first->stmts.G[Stmts]'shared_info$declarationTable!.s_first:?_
self.G[Program]'shared_info$declarationTable->self.G[Program]'shared_info$declarationTable.s_first:?_
self.G[Program]'shared_info$declarationTable->self.G[Program]'shared_info$declarationTable!.s_first:?_
self.G[Program]'shared_info$declarationTable->self.program_first:_
self.G[Program]'shared_info$declarationTable->stmts.G[Stmts]'shared_info$declarationTable.s_first:?_
self.G[Program]'shared_info$declarationTable->stmts.G[Stmts]'shared_info$declarationTable:(_)
self.G[Program]'shared_info$declarationTable->stmts.G[Stmts]'shared_info$declarationTable!.s_first:?_
self.G[Program]'shared_info$epsilon->self.G[Program]'shared_info$declarationTable.s_first:?_
self.G[Program]'shared_info$epsilon->self.G[Program]'shared_info$declarationTable!.s_first:?_
self.G[Program]'shared_info$epsilon->stmts.G[Stmts]'shared_info$declarationTable.s_first:?_
self.G[Program]'shared_info$epsilon->stmts.G[Stmts]'shared_info$epsilon:(_)
self.G[Program]'shared_info$epsilon->stmts.G[Stmts]'shared_info$declarationTable!.s_first:?_
self.G[Program]'shared_info$declarationTable!.s_first->self.G[Program]'shared_info$declarationTable.s_first:?_
self.G[Program]'shared_info$declarationTable!.s_first->self.G[Program]'shared_info$declarationTable!.s_first:?_
self.G[Program]'shared_info$declarationTable!.s_first->stmts.G[Stmts]'shared_info$declarationTable.s_first:?_
self.G[Program]'shared_info$declarationTable!.s_first->stmts.G[Stmts]'shared_info$declarationTable!.s_first:?_
self.G[Program]'shared_info$declarationTable!->self.G[Program]'shared_info$declarationTable.s_first:?_
self.G[Program]'shared_info$declarationTable!->self.G[Program]'shared_info$declarationTable:?_
self.G[Program]'shared_info$declarationTable!->self.G[Program]'shared_info$declarationTable!.s_first:?_
self.G[Program]'shared_info$declarationTable!->self.program_first:?_
self.G[Program]'shared_info$declarationTable!->stmts.G[Stmts]'shared_info$declarationTable.s_first:?_
self.G[Program]'shared_info$declarationTable!->stmts.G[Stmts]'shared_info$declarationTable:?_
self.G[Program]'shared_info$declarationTable!->stmts.G[Stmts]'shared_info$declarationTable!.s_first:?_
stmts.G[Stmts]'shared_info->self.G[Program]'shared_info$declarationTable.s_first:?_
stmts.G[Stmts]'shared_info->self.G[Program]'shared_info$declarationTable!.s_first:?_
stmts.G[Stmts]'shared_info->stmts.G[Stmts]'shared_info$declarationTable.s_first:?_
stmts.G[Stmts]'shared_info->stmts.G[Stmts]'shared_info$declarationTable!.s_first:?_
stmts.G[Stmts]'shared_info$declarationTable.s_first->self.G[Program]'shared_info$declarationTable.s_first:?_
stmts.G[Stmts]'shared_info$declarationTable.s_first->self.G[Program]'shared_info$declarationTable!.s_first:?_
stmts.G[Stmts]'shared_info$declarationTable.s_first->stmts.G[Stmts]'shared_info$declarationTable.s_first:?_
stmts.G[Stmts]'shared_info$declarationTable.s_first->stmts.G[Stmts]'shared_info$declarationTable!.s_first:?_
stmts.G[Stmts]'shared_info$declarationTable->self.G[Program]'shared_info$declarationTable.s_first:?_
stmts.G[Stmts]'shared_info$declarationTable->self.G[Program]'shared_info$declarationTable!.s_first:?_
stmts.G[Stmts]'shared_info$declarationTable->stmts.G[Stmts]'shared_info$declarationTable.s_first:?_
stmts.G[Stmts]'shared_info$declarationTable->stmts.G[Stmts]'shared_info$declarationTable!.s_first:?_
stmts.G[Stmts]'shared_info$epsilon->self.G[Program]'shared_info$declarationTable.s_first:?_
stmts.G[Stmts]'shared_info$epsilon->self.G[Program]'shared_info$declarationTable!.s_first:?_
stmts.G[Stmts]'shared_info$epsilon->stmts.G[Stmts]'shared_info$declarationTable.s_first:?_
stmts.G[Stmts]'shared_info$epsilon->stmts.G[Stmts]'shared_info$declarationTable!.s_first:?_
stmts.G[Stmts]'shared_info$declarationTable!.s_first->self.G[Program]'shared_info$declarationTable.s_first:?_
stmts.G[Stmts]'shared_info$declarationTable!.s_first->self.G[Program]'shared_info$declarationTable!.s_first:(_),?_
stmts.G[Stmts]'shared_info$declarationTable!.s_first->stmts.G[Stmts]'shared_info$declarationTable.s_first:?_
stmts.G[Stmts]'shared_info$declarationTable!.s_first->stmts.G[Stmts]'shared_info$declarationTable!.s_first:?_
stmts.G[Stmts]'shared_info$declarationTable!->self.G[Program]'shared_info$declarationTable.s_first:?_
stmts.G[Stmts]'shared_info$declarationTable!->self.G[Program]'shared_info$declarationTable:?_
stmts.G[Stmts]'shared_info$declarationTable!->self.G[Program]'shared_info$declarationTable!.s_first:?_
stmts.G[Stmts]'shared_info$declarationTable!->self.G[Program]'shared_info$declarationTable!:(_)
stmts.G[Stmts]'shared_info$declarationTable!->self.program_first:?_
stmts.G[Stmts]'shared_info$declarationTable!->stmts.G[Stmts]'shared_info$declarationTable.s_first:?_
stmts.G[Stmts]'shared_info$declarationTable!->stmts.G[Stmts]'shared_info$declarationTable:?_
stmts.G[Stmts]'shared_info$declarationTable!->stmts.G[Stmts]'shared_info$declarationTable!.s_first:?_

Augmented dependency graph for FIRST[].Items$SEQUENCE[Item].none
 (self.G[Items]'shared_info,self.G[Items]'shared_info$declarationTable.s_first,self.G[Items]'shared_info$declarationTable,self.G[Items]'shared_info$epsilon,self.items_first)
self.G[Items]'shared_info->self.G[Items]'shared_info$declarationTable.s_first:?_
self.G[Items]'shared_info->self.items_first:_
self.G[Items]'shared_info$declarationTable.s_first->self.G[Items]'shared_info$declarationTable.s_first:?_
self.G[Items]'shared_info$declarationTable.s_first->self.items_first:?_
self.G[Items]'shared_info$declarationTable->self.G[Items]'shared_info$declarationTable.s_first:?_
self.G[Items]'shared_info$declarationTable->self.items_first:?_
self.G[Items]'shared_info$epsilon->self.G[Items]'shared_info$declarationTable.s_first:?_
self.G[Items]'shared_info$epsilon->self.items_first:_
self.items_first->self.G[Items]'shared_info$declarationTable.s_first:?_
self.items_first->self.items_first:?_

Augmented dependency graph for FIRST[].Items$SEQUENCE[Item].single
 (<cond@75>,<match@73>,<match@71>,self.G[Items]'shared_info,self.G[Items]'shared_info$declarationTable.s_first,self.G[Items]'shared_info$declarationTable,self.G[Items]'shared_info$epsilon,self.items_first,item.G[Item]'shared_info,item.item_symbol,item.item_is_terminal,_,item_first_objs,item_first_objs$s_first,first,first$s_first)
<cond@75>-><match@73>:_
<cond@75>-><match@71>:_
<cond@75>->self.G[Items]'shared_info$declarationTable.s_first:?_
<cond@75>->self.items_first:_
<cond@75>->item_first_objs$s_first:?_
<cond@75>->first$s_first:?_
<match@73>-><match@71>:-01
<match@73>->self.G[Items]'shared_info$declarationTable.s_first:?-01
<match@73>->self.items_first:-01
<match@73>->item_first_objs$s_first:?-01
<match@73>->first$s_first:?-01
<match@71>->self.G[Items]'shared_info$declarationTable.s_first:?+02-01
<match@71>->self.items_first:+02-01
<match@71>->item_first_objs$s_first:?+02-01
<match@71>->first$s_first:?+02-01
self.G[Items]'shared_info-><match@73>:-01
self.G[Items]'shared_info-><match@71>:?-01
self.G[Items]'shared_info->self.G[Items]'shared_info$declarationTable.s_first:?_
self.G[Items]'shared_info->self.items_first:?_
self.G[Items]'shared_info->item.G[Item]'shared_info:_
self.G[Items]'shared_info->_:_
self.G[Items]'shared_info->item_first_objs:_
self.G[Items]'shared_info->item_first_objs$s_first:?_
self.G[Items]'shared_info->first:?_
self.G[Items]'shared_info->first$s_first:?_
self.G[Items]'shared_info$declarationTable.s_first->self.G[Items]'shared_info$declarationTable.s_first:?_
self.G[Items]'shared_info$declarationTable.s_first->self.items_first:?_
self.G[Items]'shared_info$declarationTable.s_first->item_first_objs$s_first:(_),?_
self.G[Items]'shared_info$declarationTable.s_first->first$s_first:?_
self.G[Items]'shared_info$declarationTable-><match@73>:-01
self.G[Items]'shared_info$declarationTable-><match@71>:?-01
self.G[Items]'shared_info$declarationTable->self.G[Items]'shared_info$declarationTable.s_first:?_
self.G[Items]'shared_info$declarationTable->self.items_first:?_
self.G[Items]'shared_info$declarationTable->_:_
self.G[Items]'shared_info$declarationTable->item_first_objs:_
self.G[Items]'shared_info$declarationTable->item_first_objs$s_first:?_
self.G[Items]'shared_info$declarationTable->first:?_
self.G[Items]'shared_info$declarationTable->first$s_first:?_
self.G[Items]'shared_info$epsilon->self.G[Items]'shared_info$declarationTable.s_first:?_
self.G[Items]'shared_info$epsilon->self.items_first:?_
self.G[Items]'shared_info$epsilon->item_first_objs$s_first:?_
self.G[Items]'shared_info$epsilon->first$s_first:?_
self.items_first->self.G[Items]'shared_info$declarationTable.s_first:?_
self.items_first->self.items_first:?_
self.items_first->item_first_objs$s_first:?_
self.items_first->first$s_first:?_
item.item_symbol-><match@73>:-01
item.item_symbol-><match@71>:?-01
item.item_symbol->self.G[Items]'shared_info$declarationTable.s_first:?+01,?-01
item.item_symbol->self.items_first:+01,?-01
item.item_symbol->_:_
item.item_symbol->item_first_objs:_
item.item_symbol->item_first_objs$s_first:?+01,?-01
item.item_symbol->first:?_
item.item_symbol->first$s_first:?+01,?-01
item.item_is_terminal-><cond@75>:_
item.item_is_terminal-><match@73>:?_
item.item_is_terminal-><match@71>:?_
item.item_is_terminal->self.G[Items]'shared_info$declarationTable.s_first:?_
item.item_is_terminal->self.items_first:?_
item.item_is_terminal->item_first_objs$s_first:?_
item.item_is_terminal->first$s_first:?_
item_first_objs-><match@71>:+02-01
item_first_objs->self.G[Items]'shared_info$declarationTable.s_first:?+02-01
item_first_objs->self.items_first:?+02-01
item_first_objs->item_first_objs$s_first:?+02-01
item_first_objs->first:_
item_first_objs->first$s_first:?+02-01
item_first_objs$s_first->self.G[Items]'shared_info$declarationTable.s_first:?+06-01
item_first_objs$s_first->self.items_first:?+06-01
item_first_objs$s_first->item_first_objs$s_first:?+06-01
item_first_objs$s_first->first$s_first:(_),?+06-01
first->self.G[Items]'shared_info$declarationTable.s_first:?+06-01
first->self.items_first:+06-01
first->item_first_objs$s_first:?+06-01
first->first$s_first:?+06-01
first$s_first->self.G[Items]'shared_info$declarationTable.s_first:?+06-01
first$s_first->self.items_first:+06-01
first$s_first->item_first_objs$s_first:?+06-01
first$s_first->first$s_first:?+06-01

Augmented dependency graph for FIRST[].Items$SEQUENCE[Item].append
 (self.G[Items]'shared_info,self.G[Items]'shared_info$declarationTable.s_first,self.G[Items]'shared_info$declarationTable,self.G[Items]'shared_info$epsilon,self.items_first,items1.G[Items]'shared_info,items1.G[Items]'shared_info$declarationTable.s_first,items1.G[Items]'shared_info$declarationTable,items1.G[Items]'shared_info$epsilon,items1.items_first,items2.G[Items]'shared_info,items2.G[Items]'shared_info$declarationTable.s_first,items2.G[Items]'shared_info$declarationTable,items2.G[Items]'shared_info$epsilon,items2.items_first,black_dot(...):79.G[black_dot]'shared_info,black_dot(...):79.G[black_dot]'shared_info$epsilon,black_dot(...):79.result,black_dot(...):79.s2,black_dot(...):79.s1)
self.G[Items]'shared_info->self.G[Items]'shared_info$declarationTable.s_first:?_
self.G[Items]'shared_info->self.items_first:?_
self.G[Items]'shared_info->items1.G[Items]'shared_info:_
self.G[Items]'shared_info->items1.G[Items]'shared_info$declarationTable.s_first:?_
self.G[Items]'shared_info->items1.items_first:?_
self.G[Items]'shared_info->items2.G[Items]'shared_info:_
self.G[Items]'shared_info->items2.G[Items]'shared_info$declarationTable.s_first:?_
self.G[Items]'shared_info->items2.items_first:?_
self.G[Items]'shared_info->black_dot(...):79.G[black_dot]'shared_info:_
self.G[Items]'shared_info->black_dot(...):79.result:?_
self.G[Items]'shared_info->black_dot(...):79.s2:?_
self.G[Items]'shared_info->black_dot(...):79.s1:?_
self.G[Items]'shared_info$declarationTable.s_first->self.G[Items]'shared_info$declarationTable.s_first:?_
self.G[Items]'shared_info$declarationTable.s_first->self.items_first:?_
self.G[Items]'shared_info$declarationTable.s_first->items1.G[Items]'shared_info$declarationTable.s_first:(_),?_
self.G[Items]'shared_info$declarationTable.s_first->items1.items_first:?_
self.G[Items]'shared_info$declarationTable.s_first->items2.G[Items]'shared_info$declarationTable.s_first:(_),?_
self.G[Items]'shared_info$declarationTable.s_first->items2.items_first:?_
self.G[Items]'shared_info$declarationTable.s_first->black_dot(...):79.result:?_
self.G[Items]'shared_info$declarationTable.s_first->black_dot(...):79.s2:?_
self.G[Items]'shared_info$declarationTable.s_first->black_dot(...):79.s1:?_
self.G[Items]'shared_info$declarationTable->self.G[Items]'shared_info$declarationTable.s_first:?_
self.G[Items]'shared_info$declarationTable->self.items_first:?_
self.G[Items]'shared_info$declarationTable->items1.G[Items]'shared_info$declarationTable.s_first:?_
self.G[Items]'shared_info$declarationTable->items1.G[Items]'shared_info$declarationTable:(_)
self.G[Items]'shared_info$declarationTable->items1.items_first:?_
self.G[Items]'shared_info$declarationTable->items2.G[Items]'shared_info$declarationTable.s_first:?_
self.G[Items]'shared_info$declarationTable->items2.G[Items]'shared_info$declarationTable:(_)
self.G[Items]'shared_info$declarationTable->items2.items_first:?_
self.G[Items]'shared_info$declarationTable->black_dot(...):79.result:?_
self.G[Items]'shared_info$declarationTable->black_dot(...):79.s2:?_
self.G[Items]'shared_info$declarationTable->black_dot(...):79.s1:?_
self.G[Items]'shared_info$epsilon->self.G[Items]'shared_info$declarationTable.s_first:?_
self.G[Items]'shared_info$epsilon->self.items_first:?_
self.G[Items]'shared_info$epsilon->items1.G[Items]'shared_info$declarationTable.s_first:?_
self.G[Items]'shared_info$epsilon->items1.G[Items]'shared_info$epsilon:(_)
self.G[Items]'shared_info$epsilon->items1.items_first:?_
self.G[Items]'shared_info$epsilon->items2.G[Items]'shared_info$declarationTable.s_first:?_
self.G[Items]'shared_info$epsilon->items2.G[Items]'shared_info$epsilon:(_)
self.G[Items]'shared_info$epsilon->items2.items_first:?_
self.G[Items]'shared_info$epsilon->black_dot(...):79.G[black_dot]'shared_info$epsilon:(_)
self.G[Items]'shared_info$epsilon->black_dot(...):79.result:?_
self.G[Items]'shared_info$epsilon->black_dot(...):79.s2:?_
self.G[Items]'shared_info$epsilon->black_dot(...):79.s1:?_
self.items_first->self.G[Items]'shared_info$declarationTable.s_first:?_
self.items_first->self.items_first:?_
self.items_first->items1.G[Items]'shared_info$declarationTable.s_first:?_
self.items_first->items1.items_first:?_
self.items_first->items2.G[Items]'shared_info$declarationTable.s_first:?_
self.items_first->items2.items_first:?_
self.items_first->black_dot(...):79.result:?_
self.items_first->black_dot(...):79.s2:?_
self.items_first->black_dot(...):79.s1:?_
items1.G[Items]'shared_info->self.G[Items]'shared_info$declarationTable.s_first:?_
items1.G[Items]'shared_info->self.items_first:?_
items1.G[Items]'shared_info->items1.G[Items]'shared_info$declarationTable.s_first:?_
items1.G[Items]'shared_info->items1.items_first:?_
items1.G[Items]'shared_info->items2.G[Items]'shared_info$declarationTable.s_first:?_
items1.G[Items]'shared_info->items2.items_first:?_
items1.G[Items]'shared_info->black_dot(...):79.result:?_
items1.G[Items]'shared_info->black_dot(...):79.s2:?_
items1.G[Items]'shared_info->black_dot(...):79.s1:?_
items1.G[Items]'shared_info$declarationTable.s_first->self.G[Items]'shared_info$declarationTable.s_first:?_
items1.G[Items]'shared_info$declarationTable.s_first->self.items_first:?_
items1.G[Items]'shared_info$declarationTable.s_first->items1.G[Items]'shared_info$declarationTable.s_first:?_
items1.G[Items]'shared_info$declarationTable.s_first->items1.items_first:?_
items1.G[Items]'shared_info$declarationTable.s_first->items2.G[Items]'shared_info$declarationTable.s_first:?_
items1.G[Items]'shared_info$declarationTable.s_first->items2.items_first:?_
items1.G[Items]'shared_info$declarationTable.s_first->black_dot(...):79.result:?_
items1.G[Items]'shared_info$declarationTable.s_first->black_dot(...):79.s2:?_
items1.G[Items]'shared_info$declarationTable.s_first->black_dot(...):79.s1:?_
items1.G[Items]'shared_info$declarationTable->self.G[Items]'shared_info$declarationTable.s_first:?_
items1.G[Items]'shared_info$declarationTable->self.items_first:?_
items1.G[Items]'shared_info$declarationTable->items1.G[Items]'shared_info$declarationTable.s_first:?_
items1.G[Items]'shared_info$declarationTable->items1.items_first:?_
items1.G[Items]'shared_info$declarationTable->items2.G[Items]'shared_info$declarationTable.s_first:?_
items1.G[Items]'shared_info$declarationTable->items2.items_first:?_
items1.G[Items]'shared_info$declarationTable->black_dot(...):79.result:?_
items1.G[Items]'shared_info$declarationTable->black_dot(...):79.s2:?_
items1.G[Items]'shared_info$declarationTable->black_dot(...):79.s1:?_
items1.G[Items]'shared_info$epsilon->self.G[Items]'shared_info$declarationTable.s_first:?_
items1.G[Items]'shared_info$epsilon->self.items_first:?_
items1.G[Items]'shared_info$epsilon->items1.G[Items]'shared_info$declarationTable.s_first:?_
items1.G[Items]'shared_info$epsilon->items1.items_first:?_
items1.G[Items]'shared_info$epsilon->items2.G[Items]'shared_info$declarationTable.s_first:?_
items1.G[Items]'shared_info$epsilon->items2.items_first:?_
items1.G[Items]'shared_info$epsilon->black_dot(...):79.result:?_
items1.G[Items]'shared_info$epsilon->black_dot(...):79.s2:?_
items1.G[Items]'shared_info$epsilon->black_dot(...):79.s1:?_
items1.items_first->self.G[Items]'shared_info$declarationTable.s_first:?_
items1.items_first->self.items_first:_,?_
items1.items_first->items1.G[Items]'shared_info$declarationTable.s_first:?_
items1.items_first->items1.items_first:?_
items1.items_first->items2.G[Items]'shared_info$declarationTable.s_first:?_
items1.items_first->items2.items_first:?_
items1.items_first->black_dot(...):79.result:?_
items1.items_first->black_dot(...):79.s2:?_
items1.items_first->black_dot(...):79.s1:_
items2.G[Items]'shared_info->self.G[Items]'shared_info$declarationTable.s_first:?_
items2.G[Items]'shared_info->self.items_first:?_
items2.G[Items]'shared_info->items1.G[Items]'shared_info$declarationTable.s_first:?_
items2.G[Items]'shared_info->items1.items_first:?_
items2.G[Items]'shared_info->items2.G[Items]'shared_info$declarationTable.s_first:?_
items2.G[Items]'shared_info->items2.items_first:?_
items2.G[Items]'shared_info->black_dot(...):79.result:?_
items2.G[Items]'shared_info->black_dot(...):79.s2:?_
items2.G[Items]'shared_info->black_dot(...):79.s1:?_
items2.G[Items]'shared_info$declarationTable.s_first->self.G[Items]'shared_info$declarationTable.s_first:?_
items2.G[Items]'shared_info$declarationTable.s_first->self.items_first:?_
items2.G[Items]'shared_info$declarationTable.s_first->items1.G[Items]'shared_info$declarationTable.s_first:?_
items2.G[Items]'shared_info$declarationTable.s_first->items1.items_first:?_
items2.G[Items]'shared_info$declarationTable.s_first->items2.G[Items]'shared_info$declarationTable.s_first:?_
items2.G[Items]'shared_info$declarationTable.s_first->items2.items_first:?_
items2.G[Items]'shared_info$declarationTable.s_first->black_dot(...):79.result:?_
items2.G[Items]'shared_info$declarationTable.s_first->black_dot(...):79.s2:?_
items2.G[Items]'shared_info$declarationTable.s_first->black_dot(...):79.s1:?_
items2.G[Items]'shared_info$declarationTable->self.G[Items]'shared_info$declarationTable.s_first:?_
items2.G[Items]'shared_info$declarationTable->self.items_first:?_
items2.G[Items]'shared_info$declarationTable->items1.G[Items]'shared_info$declarationTable.s_first:?_
items2.G[Items]'shared_info$declarationTable->items1.items_first:?_
items2.G[Items]'shared_info$declarationTable->items2.G[Items]'shared_info$declarationTable.s_first:?_
items2.G[Items]'shared_info$declarationTable->items2.items_first:?_
items2.G[Items]'shared_info$declarationTable->black_dot(...):79.result:?_
items2.G[Items]'shared_info$declarationTable->black_dot(...):79.s2:?_
items2.G[Items]'shared_info$declarationTable->black_dot(...):79.s1:?_
items2.G[Items]'shared_info$epsilon->self.G[Items]'shared_info$declarationTable.s_first:?_
items2.G[Items]'shared_info$epsilon->self.items_first:?_
items2.G[Items]'shared_info$epsilon->items1.G[Items]'shared_info$declarationTable.s_first:?_
items2.G[Items]'shared_info$epsilon->items1.items_first:?_
items2.G[Items]'shared_info$epsilon->items2.G[Items]'shared_info$declarationTable.s_first:?_
items2.G[Items]'shared_info$epsilon->items2.items_first:?_
items2.G[Items]'shared_info$epsilon->black_dot(...):79.result:?_
items2.G[Items]'shared_info$epsilon->black_dot(...):79.s2:?_
items2.G[Items]'shared_info$epsilon->black_dot(...):79.s1:?_
items2.items_first->self.G[Items]'shared_info$declarationTable.s_first:?_
items2.items_first->self.items_first:_,?_
items2.items_first->items1.G[Items]'shared_info$declarationTable.s_first:?_
items2.items_first->items1.items_first:?_
items2.items_first->items2.G[Items]'shared_info$declarationTable.s_first:?_
items2.items_first->items2.items_first:?_
items2.items_first->black_dot(...):79.result:?_
items2.items_first->black_dot(...):79.s2:_
items2.items_first->black_dot(...):79.s1:?_
black_dot(...):79.G[black_dot]'shared_info->self.G[Items]'shared_info$declarationTable.s_first:?_
black_dot(...):79.G[black_dot]'shared_info->self.items_first:?_
black_dot(...):79.G[black_dot]'shared_info->items1.G[Items]'shared_info$declarationTable.s_first:?_
black_dot(...):79.G[black_dot]'shared_info->items1.items_first:?_
black_dot(...):79.G[black_dot]'shared_info->items2.G[Items]'shared_info$declarationTable.s_first:?_
black_dot(...):79.G[black_dot]'shared_info->items2.items_first:?_
black_dot(...):79.G[black_dot]'shared_info->black_dot(...):79.result:?_
black_dot(...):79.G[black_dot]'shared_info->black_dot(...):79.s2:?_
black_dot(...):79.G[black_dot]'shared_info->black_dot(...):79.s1:?_
black_dot(...):79.G[black_dot]'shared_info$epsilon->self.G[Items]'shared_info$declarationTable.s_first:?_
black_dot(...):79.G[black_dot]'shared_info$epsilon->self.items_first:?_
black_dot(...):79.G[black_dot]'shared_info$epsilon->items1.G[Items]'shared_info$declarationTable.s_first:?_
black_dot(...):79.G[black_dot]'shared_info$epsilon->items1.items_first:?_
black_dot(...):79.G[black_dot]'shared_info$epsilon->items2.G[Items]'shared_info$declarationTable.s_first:?_
black_dot(...):79.G[black_dot]'shared_info$epsilon->items2.items_first:?_
black_dot(...):79.G[black_dot]'shared_info$epsilon->black_dot(...):79.result:?_
black_dot(...):79.G[black_dot]'shared_info$epsilon->black_dot(...):79.s2:?_
black_dot(...):79.G[black_dot]'shared_info$epsilon->black_dot(...):79.s1:?_
black_dot(...):79.result->self.G[Items]'shared_info$declarationTable.s_first:?_
black_dot(...):79.result->self.items_first:_
black_dot(...):79.result->items1.G[Items]'shared_info$declarationTable.s_first:?_
black_dot(...):79.result->items1.items_first:?_
black_dot(...):79.result->items2.G[Items]'shared_info$declarationTable.s_first:?_
black_dot(...):79.result->items2.items_first:?_
black_dot(...):79.result->black_dot(...):79.result:?_
black_dot(...):79.result->black_dot(...):79.s2:?_
black_dot(...):79.result->black_dot(...):79.s1:?_
black_dot(...):79.s2->self.G[Items]'shared_info$declarationTable.s_first:?_
black_dot(...):79.s2->self.items_first:?_
black_dot(...):79.s2->items1.G[Items]'shared_info$declarationTable.s_first:?_
black_dot(...):79.s2->items1.items_first:?_
black_dot(...):79.s2->items2.G[Items]'shared_info$declarationTable.s_first:?_
black_dot(...):79.s2->items2.items_first:?_
black_dot(...):79.s2->black_dot(...):79.result:?_
black_dot(...):79.s2->black_dot(...):79.s2:?_
black_dot(...):79.s2->black_dot(...):79.s1:?_
black_dot(...):79.s1->self.G[Items]'shared_info$declarationTable.s_first:?_
black_dot(...):79.s1->self.items_first:?_
black_dot(...):79.s1->items1.G[Items]'shared_info$declarationTable.s_first:?_
black_dot(...):79.s1->items1.items_first:?_
black_dot(...):79.s1->items2.G[Items]'shared_info$declarationTable.s_first:?_
black_dot(...):79.s1->items2.items_first:?_
black_dot(...):79.s1->black_dot(...):79.result:?_
black_dot(...):79.s1->black_dot(...):79.s2:?_
black_dot(...):79.s1->black_dot(...):79.s1:?_

Augmented dependency graph for FIRST[].Stmts$SEQUENCE[Stmt].none
 (self.G[Stmts]'shared_info,self.G[Stmts]'shared_info$declarationTable.s_first,self.G[Stmts]'shared_info$declarationTable,self.G[Stmts]'shared_info$epsilon,self.G[Stmts]'shared_info$declarationTable!.s_first,self.G[Stmts]'shared_info$declarationTable!)
self.G[Stmts]'shared_info->self.G[Stmts]'shared_info$declarationTable.s_first:?_
self.G[Stmts]'shared_info->self.G[Stmts]'shared_info$declarationTable!.s_first:?_
self.G[Stmts]'shared_info$declarationTable.s_first->self.G[Stmts]'shared_info$declarationTable.s_first:?_
self.G[Stmts]'shared_info$declarationTable.s_first->self.G[Stmts]'shared_info$declarationTable!.s_first:?_
self.G[Stmts]'shared_info$declarationTable->self.G[Stmts]'shared_info$declarationTable.s_first:?_
self.G[Stmts]'shared_info$declarationTable->self.G[Stmts]'shared_info$declarationTable!.s_first:?_
self.G[Stmts]'shared_info$epsilon->self.G[Stmts]'shared_info$declarationTable.s_first:?_
self.G[Stmts]'shared_info$epsilon->self.G[Stmts]'shared_info$declarationTable!.s_first:?_
self.G[Stmts]'shared_info$declarationTable!.s_first->self.G[Stmts]'shared_info$declarationTable.s_first:?_
self.G[Stmts]'shared_info$declarationTable!.s_first->self.G[Stmts]'shared_info$declarationTable!.s_first:?_
self.G[Stmts]'shared_info$declarationTable!->self.G[Stmts]'shared_info$declarationTable.s_first:?_
self.G[Stmts]'shared_info$declarationTable!->self.G[Stmts]'shared_info$declarationTable:?_
self.G[Stmts]'shared_info$declarationTable!->self.G[Stmts]'shared_info$declarationTable!.s_first:?_

Augmented dependency graph for FIRST[].Stmts$SEQUENCE[Stmt].single
 (self.G[Stmts]'shared_info,self.G[Stmts]'shared_info$declarationTable.s_first,self.G[Stmts]'shared_info$declarationTable,self.G[Stmts]'shared_info$epsilon,self.G[Stmts]'shared_info$declarationTable!.s_first,self.G[Stmts]'shared_info$declarationTable!,stmt.G[Stmt]'shared_info,stmt.G[Stmt]'shared_info$declarationTable.s_first,stmt.G[Stmt]'shared_info$declarationTable,stmt.G[Stmt]'shared_info$epsilon,stmt.G[Stmt]'shared_info$declarationTable!.s_first,stmt.G[Stmt]'shared_info$declarationTable!)
self.G[Stmts]'shared_info->self.G[Stmts]'shared_info$declarationTable.s_first:?_
self.G[Stmts]'shared_info->self.G[Stmts]'shared_info$declarationTable!.s_first:?_
self.G[Stmts]'shared_info->stmt.G[Stmt]'shared_info:_
self.G[Stmts]'shared_info->stmt.G[Stmt]'shared_info$declarationTable.s_first:?_
self.G[Stmts]'shared_info->stmt.G[Stmt]'shared_info$declarationTable!.s_first:?_
self.G[Stmts]'shared_info$declarationTable.s_first->self.G[Stmts]'shared_info$declarationTable.s_first:?_
self.G[Stmts]'shared_info$declarationTable.s_first->self.G[Stmts]'shared_info$declarationTable!.s_first:?_
self.G[Stmts]'shared_info$declarationTable.s_first->stmt.G[Stmt]'shared_info$declarationTable.s_first:(_),?_
self.G[Stmts]'shared_info$declarationTable.s_first->stmt.G[Stmt]'shared_info$declarationTable!.s_first:?_
self.G[Stmts]'shared_info$declarationTable->self.G[Stmts]'shared_info$declarationTable.s_first:?_
self.G[Stmts]'shared_info$declarationTable->self.G[Stmts]'shared_info$declarationTable!.s_first:?_
self.G[Stmts]'shared_info$declarationTable->stmt.G[Stmt]'shared_info$declarationTable.s_first:?_
self.G[Stmts]'shared_info$declarationTable->stmt.G[Stmt]'shared_info$declarationTable:(_)
self.G[Stmts]'shared_info$declarationTable->stmt.G[Stmt]'shared_info$declarationTable!.s_first:?_
self.G[Stmts]'shared_info$epsilon->self.G[Stmts]'shared_info$declarationTable.s_first:?_
self.G[Stmts]'shared_info$epsilon->self.G[Stmts]'shared_info$declarationTable!.s_first:?_
self.G[Stmts]'shared_info$epsilon->stmt.G[Stmt]'shared_info$declarationTable.s_first:?_
self.G[Stmts]'shared_info$epsilon->stmt.G[Stmt]'shared_info$epsilon:(_)
self.G[Stmts]'shared_info$epsilon->stmt.G[Stmt]'shared_info$declarationTable!.s_first:?_
self.G[Stmts]'shared_info$declarationTable!.s_first->self.G[Stmts]'shared_info$declarationTable.s_first:?_
self.G[Stmts]'shared_info$declarationTable!.s_first->self.G[Stmts]'shared_info$declarationTable!.s_first:?_
self.G[Stmts]'shared_info$declarationTable!.s_first->stmt.G[Stmt]'shared_info$declarationTable.s_first:?_
self.G[Stmts]'shared_info$declarationTable!.s_first->stmt.G[Stmt]'shared_info$declarationTable!.s_first:?_
self.G[Stmts]'shared_info$declarationTable!->self.G[Stmts]'shared_info$declarationTable.s_first:?_
self.G[Stmts]'shared_info$declarationTable!->self.G[Stmts]'shared_info$declarationTable:?_
self.G[Stmts]'shared_info$declarationTable!->self.G[Stmts]'shared_info$declarationTable!.s_first:?_
self.G[Stmts]'shared_info$declarationTable!->stmt.G[Stmt]'shared_info$declarationTable.s_first:?_
self.G[Stmts]'shared_info$declarationTable!->stmt.G[Stmt]'shared_info$declarationTable:?_
self.G[Stmts]'shared_info$declarationTable!->stmt.G[Stmt]'shared_info$declarationTable!.s_first:?_
stmt.G[Stmt]'shared_info->self.G[Stmts]'shared_info$declarationTable.s_first:?_
stmt.G[Stmt]'shared_info->self.G[Stmts]'shared_info$declarationTable!.s_first:?_
stmt.G[Stmt]'shared_info->stmt.G[Stmt]'shared_info$declarationTable.s_first:?_
stmt.G[Stmt]'shared_info->stmt.G[Stmt]'shared_info$declarationTable!.s_first:?_
stmt.G[Stmt]'shared_info$declarationTable.s_first->self.G[Stmts]'shared_info$declarationTable.s_first:?_
stmt.G[Stmt]'shared_info$declarationTable.s_first->self.G[Stmts]'shared_info$declarationTable!.s_first:?_
stmt.G[Stmt]'shared_info$declarationTable.s_first->stmt.G[Stmt]'shared_info$declarationTable.s_first:?_
stmt.G[Stmt]'shared_info$declarationTable.s_first->stmt.G[Stmt]'shared_info$declarationTable!.s_first:?_
stmt.G[Stmt]'shared_info$declarationTable->self.G[Stmts]'shared_info$declarationTable.s_first:?_
stmt.G[Stmt]'shared_info$declarationTable->self.G[Stmts]'shared_info$declarationTable!.s_first:?_
stmt.G[Stmt]'shared_info$declarationTable->stmt.G[Stmt]'shared_info$declarationTable.s_first:?_
stmt.G[Stmt]'shared_info$declarationTable->stmt.G[Stmt]'shared_info$declarationTable!.s_first:?_
stmt.G[Stmt]'shared_info$epsilon->self.G[Stmts]'shared_info$declarationTable.s_first:?_
stmt.G[Stmt]'shared_info$epsilon->self.G[Stmts]'shared_info$declarationTable!.s_first:?_
stmt.G[Stmt]'shared_info$epsilon->stmt.G[Stmt]'shared_info$declarationTable.s_first:?_
stmt.G[Stmt]'shared_info$epsilon->stmt.G[Stmt]'shared_info$declarationTable!.s_first:?_
stmt.G[Stmt]'shared_info$declarationTable!.s_first->self.G[Stmts]'shared_info$declarationTable.s_first:?_
stmt.G[Stmt]'shared_info$declarationTable!.s_first->self.G[Stmts]'shared_info$declarationTable!.s_first:(_),?_
stmt.G[Stmt]'shared_info$declarationTable!.s_first->stmt.G[Stmt]'shared_info$declarationTable.s_first:?_
stmt.G[Stmt]'shared_info$declarationTable!.s_first->stmt.G[Stmt]'shared_info$declarationTable!.s_first:?_
stmt.G[Stmt]'shared_info$declarationTable!->self.G[Stmts]'shared_info$declarationTable.s_first:?_
stmt.G[Stmt]'shared_info$declarationTable!->self.G[Stmts]'shared_info$declarationTable:?_
stmt.G[Stmt]'shared_info$declarationTable!->self.G[Stmts]'shared_info$declarationTable!.s_first:?_
stmt.G[Stmt]'shared_info$declarationTable!->self.G[Stmts]'shared_info$declarationTable!:(_)
stmt.G[Stmt]'shared_info$declarationTable!->stmt.G[Stmt]'shared_info$declarationTable.s_first:?_
stmt.G[Stmt]'shared_info$declarationTable!->stmt.G[Stmt]'shared_info$declarationTable:?_
stmt.G[Stmt]'shared_info$declarationTable!->stmt.G[Stmt]'shared_info$declarationTable!.s_first:?_

Augmented dependency graph for FIRST[].Stmts$SEQUENCE[Stmt].append
 (self.G[Stmts]'shared_info,self.G[Stmts]'shared_info$declarationTable.s_first,self.G[Stmts]'shared_info$declarationTable,self.G[Stmts]'shared_info$epsilon,self.G[Stmts]'shared_info$declarationTable!.s_first,self.G[Stmts]'shared_info$declarationTable!,stmts1.G[Stmts]'shared_info,stmts1.G[Stmts]'shared_info$declarationTable.s_first,stmts1.G[Stmts]'shared_info$declarationTable,stmts1.G[Stmts]'shared_info$epsilon,stmts1.G[Stmts]'shared_info$declarationTable!.s_first,stmts1.G[Stmts]'shared_info$declarationTable!,stmts2.G[Stmts]'shared_info,stmts2.G[Stmts]'shared_info$declarationTable.s_first,stmts2.G[Stmts]'shared_info$declarationTable,stmts2.G[Stmts]'shared_info$epsilon,stmts2.G[Stmts]'shared_info$declarationTable!.s_first,stmts2.G[Stmts]'shared_info$declarationTable!)
self.G[Stmts]'shared_info->self.G[Stmts]'shared_info$declarationTable.s_first:?_
self.G[Stmts]'shared_info->self.G[Stmts]'shared_info$declarationTable!.s_first:?_
self.G[Stmts]'shared_info->stmts1.G[Stmts]'shared_info:_
self.G[Stmts]'shared_info->stmts1.G[Stmts]'shared_info$declarationTable.s_first:?_
self.G[Stmts]'shared_info->stmts1.G[Stmts]'shared_info$declarationTable!.s_first:?_
self.G[Stmts]'shared_info->stmts2.G[Stmts]'shared_info:_
self.G[Stmts]'shared_info->stmts2.G[Stmts]'shared_info$declarationTable.s_first:?_
self.G[Stmts]'shared_info->stmts2.G[Stmts]'shared_info$declarationTable!.s_first:?_
self.G[Stmts]'shared_info$declarationTable.s_first->self.G[Stmts]'shared_info$declarationTable.s_first:?_
self.G[Stmts]'shared_info$declarationTable.s_first->self.G[Stmts]'shared_info$declarationTable!.s_first:?_
self.G[Stmts]'shared_info$declarationTable.s_first->stmts1.G[Stmts]'shared_info$declarationTable.s_first:(_),?_
self.G[Stmts]'shared_info$declarationTable.s_first->stmts1.G[Stmts]'shared_info$declarationTable!.s_first:?_
self.G[Stmts]'shared_info$declarationTable.s_first->stmts2.G[Stmts]'shared_info$declarationTable.s_first:(_),?_
self.G[Stmts]'shared_info$declarationTable.s_first->stmts2.G[Stmts]'shared_info$declarationTable!.s_first:?_
self.G[Stmts]'shared_info$declarationTable->self.G[Stmts]'shared_info$declarationTable.s_first:?_
self.G[Stmts]'shared_info$declarationTable->self.G[Stmts]'shared_info$declarationTable!.s_first:?_
self.G[Stmts]'shared_info$declarationTable->stmts1.G[Stmts]'shared_info$declarationTable.s_first:?_
self.G[Stmts]'shared_info$declarationTable->stmts1.G[Stmts]'shared_info$declarationTable:(_)
self.G[Stmts]'shared_info$declarationTable->stmts1.G[Stmts]'shared_info$declarationTable!.s_first:?_
self.G[Stmts]'shared_info$declarationTable->stmts2.G[Stmts]'shared_info$declarationTable.s_first:?_
self.G[Stmts]'shared_info$declarationTable->stmts2.G[Stmts]'shared_info$declarationTable:(_)
self.G[Stmts]'shared_info$declarationTable->stmts2.G[Stmts]'shared_info$declarationTable!.s_first:?_
self.G[Stmts]'shared_info$epsilon->self.G[Stmts]'shared_info$declarationTable.s_first:?_
self.G[Stmts]'shared_info$epsilon->self.G[Stmts]'shared_info$declarationTable!.s_first:?_
self.G[Stmts]'shared_info$epsilon->stmts1.G[Stmts]'shared_info$declarationTable.s_first:?_
self.G[Stmts]'shared_info$epsilon->stmts1.G[Stmts]'shared_info$epsilon:(_)
self.G[Stmts]'shared_info$epsilon->stmts1.G[Stmts]'shared_info$declarationTable!.s_first:?_
self.G[Stmts]'shared_info$epsilon->stmts2.G[Stmts]'shared_info$declarationTable.s_first:?_
self.G[Stmts]'shared_info$epsilon->stmts2.G[Stmts]'shared_info$epsilon:(_)
self.G[Stmts]'shared_info$epsilon->stmts2.G[Stmts]'shared_info$declarationTable!.s_first:?_
self.G[Stmts]'shared_info$declarationTable!.s_first->self.G[Stmts]'shared_info$declarationTable.s_first:?_
self.G[Stmts]'shared_info$declarationTable!.s_first->self.G[Stmts]'shared_info$declarationTable!.s_first:?_
self.G[Stmts]'shared_info$declarationTable!.s_first->stmts1.G[Stmts]'shared_info$declarationTable.s_first:?_
self.G[Stmts]'shared_info$declarationTable!.s_first->stmts1.G[Stmts]'shared_info$declarationTable!.s_first:?_
self.G[Stmts]'shared_info$declarationTable!.s_first->stmts2.G[Stmts]'shared_info$declarationTable.s_first:?_
self.G[Stmts]'shared_info$declarationTable!.s_first->stmts2.G[Stmts]'shared_info$declarationTable!.s_first:?_
self.G[Stmts]'shared_info$declarationTable!->self.G[Stmts]'shared_info$declarationTable.s_first:?_
self.G[Stmts]'shared_info$declarationTable!->self.G[Stmts]'shared_info$declarationTable:?_
self.G[Stmts]'shared_info$declarationTable!->self.G[Stmts]'shared_info$declarationTable!.s_first:?_
self.G[Stmts]'shared_info$declarationTable!->stmts1.G[Stmts]'shared_info$declarationTable.s_first:?_
self.G[Stmts]'shared_info$declarationTable!->stmts1.G[Stmts]'shared_info$declarationTable:?_
self.G[Stmts]'shared_info$declarationTable!->stmts1.G[Stmts]'shared_info$declarationTable!.s_first:?_
self.G[Stmts]'shared_info$declarationTable!->stmts2.G[Stmts]'shared_info$declarationTable.s_first:?_
self.G[Stmts]'shared_info$declarationTable!->stmts2.G[Stmts]'shared_info$declarationTable:?_
self.G[Stmts]'shared_info$declarationTable!->stmts2.G[Stmts]'shared_info$declarationTable!.s_first:?_
stmts1.G[Stmts]'shared_info->self.G[Stmts]'shared_info$declarationTable.s_first:?_
stmts1.G[Stmts]'shared_info->self.G[Stmts]'shared_info$declarationTable!.s_first:?_
stmts1.G[Stmts]'shared_info->stmts1.G[Stmts]'shared_info$declarationTable.s_first:?_
stmts1.G[Stmts]'shared_info->stmts1.G[Stmts]'shared_info$declarationTable!.s_first:?_
stmts1.G[Stmts]'shared_info->stmts2.G[Stmts]'shared_info$declarationTable.s_first:?_
stmts1.G[Stmts]'shared_info->stmts2.G[Stmts]'shared_info$declarationTable!.s_first:?_
stmts1.G[Stmts]'shared_info$declarationTable.s_first->self.G[Stmts]'shared_info$declarationTable.s_first:?_
stmts1.G[Stmts]'shared_info$declarationTable.s_first->self.G[Stmts]'shared_info$declarationTable!.s_first:?_
stmts1.G[Stmts]'shared_info$declarationTable.s_first->stmts1.G[Stmts]'shared_info$declarationTable.s_first:?_
stmts1.G[Stmts]'shared_info$declarationTable.s_first->stmts1.G[Stmts]'shared_info$declarationTable!.s_first:?_
stmts1.G[Stmts]'shared_info$declarationTable.s_first->stmts2.G[Stmts]'shared_info$declarationTable.s_first:?_
stmts1.G[Stmts]'shared_info$declarationTable.s_first->stmts2.G[Stmts]'shared_info$declarationTable!.s_first:?_
stmts1.G[Stmts]'shared_info$declarationTable->self.G[Stmts]'shared_info$declarationTable.s_first:?_
stmts1.G[Stmts]'shared_info$declarationTable->self.G[Stmts]'shared_info$declarationTable!.s_first:?_
stmts1.G[Stmts]'shared_info$declarationTable->stmts1.G[Stmts]'shared_info$declarationTable.s_first:?_
stmts1.G[Stmts]'shared_info$declarationTable->stmts1.G[Stmts]'shared_info$declarationTable!.s_first:?_
stmts1.G[Stmts]'shared_info$declarationTable->stmts2.G[Stmts]'shared_info$declarationTable.s_first:?_
stmts1.G[Stmts]'shared_info$declarationTable->stmts2.G[Stmts]'shared_info$declarationTable!.s_first:?_
stmts1.G[Stmts]'shared_info$epsilon->self.G[Stmts]'shared_info$declarationTable.s_first:?_
stmts1.G[Stmts]'shared_info$epsilon->self.G[Stmts]'shared_info$declarationTable!.s_first:?_
stmts1.G[Stmts]'shared_info$epsilon->stmts1.G[Stmts]'shared_info$declarationTable.s_first:?_
stmts1.G[Stmts]'shared_info$epsilon->stmts1.G[Stmts]'shared_info$declarationTable!.s_first:?_
stmts1.G[Stmts]'shared_info$epsilon->stmts2.G[Stmts]'shared_info$declarationTable.s_first:?_
stmts1.G[Stmts]'shared_info$epsilon->stmts2.G[Stmts]'shared_info$declarationTable!.s_first:?_
stmts1.G[Stmts]'shared_info$declarationTable!.s_first->self.G[Stmts]'shared_info$declarationTable.s_first:?_
stmts1.G[Stmts]'shared_info$declarationTable!.s_first->self.G[Stmts]'shared_info$declarationTable!.s_first:(_),?_
stmts1.G[Stmts]'shared_info$declarationTable!.s_first->stmts1.G[Stmts]'shared_info$declarationTable.s_first:?_
stmts1.G[Stmts]'shared_info$declarationTable!.s_first->stmts1.G[Stmts]'shared_info$declarationTable!.s_first:?_
stmts1.G[Stmts]'shared_info$declarationTable!.s_first->stmts2.G[Stmts]'shared_info$declarationTable.s_first:?_
stmts1.G[Stmts]'shared_info$declarationTable!.s_first->stmts2.G[Stmts]'shared_info$declarationTable!.s_first:?_
stmts1.G[Stmts]'shared_info$declarationTable!->self.G[Stmts]'shared_info$declarationTable.s_first:?_
stmts1.G[Stmts]'shared_info$declarationTable!->self.G[Stmts]'shared_info$declarationTable:?_
stmts1.G[Stmts]'shared_info$declarationTable!->self.G[Stmts]'shared_info$declarationTable!.s_first:?_
stmts1.G[Stmts]'shared_info$declarationTable!->self.G[Stmts]'shared_info$declarationTable!:(_)
stmts1.G[Stmts]'shared_info$declarationTable!->stmts1.G[Stmts]'shared_info$declarationTable.s_first:?_
stmts1.G[Stmts]'shared_info$declarationTable!->stmts1.G[Stmts]'shared_info$declarationTable:?_
stmts1.G[Stmts]'shared_info$declarationTable!->stmts1.G[Stmts]'shared_info$declarationTable!.s_first:?_
stmts1.G[Stmts]'shared_info$declarationTable!->stmts2.G[Stmts]'shared_info$declarationTable.s_first:?_
stmts1.G[Stmts]'shared_info$declarationTable!->stmts2.G[Stmts]'shared_info$declarationTable:?_
stmts1.G[Stmts]'shared_info$declarationTable!->stmts2.G[Stmts]'shared_info$declarationTable!.s_first:?_
stmts2.G[Stmts]'shared_info->self.G[Stmts]'shared_info$declarationTable.s_first:?_
stmts2.G[Stmts]'shared_info->self.G[Stmts]'shared_info$declarationTable!.s_first:?_
stmts2.G[Stmts]'shared_info->stmts1.G[Stmts]'shared_info$declarationTable.s_first:?_
stmts2.G[Stmts]'shared_info->stmts1.G[Stmts]'shared_info$declarationTable!.s_first:?_
stmts2.G[Stmts]'shared_info->stmts2.G[Stmts]'shared_info$declarationTable.s_first:?_
stmts2.G[Stmts]'shared_info->stmts2.G[Stmts]'shared_info$declarationTable!.s_first:?_
stmts2.G[Stmts]'shared_info$declarationTable.s_first->self.G[Stmts]'shared_info$declarationTable.s_first:?_
stmts2.G[Stmts]'shared_info$declarationTable.s_first->self.G[Stmts]'shared_info$declarationTable!.s_first:?_
stmts2.G[Stmts]'shared_info$declarationTable.s_first->stmts1.G[Stmts]'shared_info$declarationTable.s_first:?_
stmts2.G[Stmts]'shared_info$declarationTable.s_first->stmts1.G[Stmts]'shared_info$declarationTable!.s_first:?_
stmts2.G[Stmts]'shared_info$declarationTable.s_first->stmts2.G[Stmts]'shared_info$declarationTable.s_first:?_
stmts2.G[Stmts]'shared_info$declarationTable.s_first->stmts2.G[Stmts]'shared_info$declarationTable!.s_first:?_
stmts2.G[Stmts]'shared_info$declarationTable->self.G[Stmts]'shared_info$declarationTable.s_first:?_
stmts2.G[Stmts]'shared_info$declarationTable->self.G[Stmts]'shared_info$declarationTable!.s_first:?_
stmts2.G[Stmts]'shared_info$declarationTable->stmts1.G[Stmts]'shared_info$declarationTable.s_first:?_
stmts2.G[Stmts]'shared_info$declarationTable->stmts1.G[Stmts]'shared_info$declarationTable!.s_first:?_
stmts2.G[Stmts]'shared_info$declarationTable->stmts2.G[Stmts]'shared_info$declarationTable.s_first:?_
stmts2.G[Stmts]'shared_info$declarationTable->stmts2.G[Stmts]'shared_info$declarationTable!.s_first:?_
stmts2.G[Stmts]'shared_info$epsilon->self.G[Stmts]'shared_info$declarationTable.s_first:?_
stmts2.G[Stmts]'shared_info$epsilon->self.G[Stmts]'shared_info$declarationTable!.s_first:?_
stmts2.G[Stmts]'shared_info$epsilon->stmts1.G[Stmts]'shared_info$declarationTable.s_first:?_
stmts2.G[Stmts]'shared_info$epsilon->stmts1.G[Stmts]'shared_info$declarationTable!.s_first:?_
stmts2.G[Stmts]'shared_info$epsilon->stmts2.G[Stmts]'shared_info$declarationTable.s_first:?_
stmts2.G[Stmts]'shared_info$epsilon->stmts2.G[Stmts]'shared_info$declarationTable!.s_first:?_
stmts2.G[Stmts]'shared_info$declarationTable!.s_first->self.G[Stmts]'shared_info$declarationTable.s_first:?_
stmts2.G[Stmts]'shared_info$declarationTable!.s_first->self.G[Stmts]'shared_info$declarationTable!.s_first:(_),?_
stmts2.G[Stmts]'shared_info$declarationTable!.s_first->stmts1.G[Stmts]'shared_info$declarationTable.s_first:?_
stmts2.G[Stmts]'shared_info$declarationTable!.s_first->stmts1.G[Stmts]'shared_info$declarationTable!.s_first:?_
stmts2.G[Stmts]'shared_info$declarationTable!.s_first->stmts2.G[Stmts]'shared_info$declarationTable.s_first:?_
stmts2.G[Stmts]'shared_info$declarationTable!.s_first->stmts2.G[Stmts]'shared_info$declarationTable!.s_first:?_
stmts2.G[Stmts]'shared_info$declarationTable!->self.G[Stmts]'shared_info$declarationTable.s_first:?_
stmts2.G[Stmts]'shared_info$declarationTable!->self.G[Stmts]'shared_info$declarationTable:?_
stmts2.G[Stmts]'shared_info$declarationTable!->self.G[Stmts]'shared_info$declarationTable!.s_first:?_
stmts2.G[Stmts]'shared_info$declarationTable!->self.G[Stmts]'shared_info$declarationTable!:(_)
stmts2.G[Stmts]'shared_info$declarationTable!->stmts1.G[Stmts]'shared_info$declarationTable.s_first:?_
stmts2.G[Stmts]'shared_info$declarationTable!->stmts1.G[Stmts]'shared_info$declarationTable:?_
stmts2.G[Stmts]'shared_info$declarationTable!->stmts1.G[Stmts]'shared_info$declarationTable!.s_first:?_
stmts2.G[Stmts]'shared_info$declarationTable!->stmts2.G[Stmts]'shared_info$declarationTable.s_first:?_
stmts2.G[Stmts]'shared_info$declarationTable!->stmts2.G[Stmts]'shared_info$declarationTable:?_
stmts2.G[Stmts]'shared_info$declarationTable!->stmts2.G[Stmts]'shared_info$declarationTable!.s_first:?_

Augmented dependency graph for contains_epsilon
 (contains_epsilon.G[contains_epsilon]'shared_info,contains_epsilon.G[contains_epsilon]'shared_info$epsilon,contains_epsilon.result,contains_epsilon.s_set)
contains_epsilon.G[contains_epsilon]'shared_info->contains_epsilon.result:_
contains_epsilon.G[contains_epsilon]'shared_info->contains_epsilon.s_set:?_
contains_epsilon.G[contains_epsilon]'shared_info$epsilon->contains_epsilon.result:_
contains_epsilon.G[contains_epsilon]'shared_info$epsilon->contains_epsilon.s_set:?_
contains_epsilon.result->contains_epsilon.result:?_
contains_epsilon.result->contains_epsilon.s_set:?_
contains_epsilon.s_set->contains_epsilon.result:_
contains_epsilon.s_set->contains_epsilon.s_set:?_

Augmented dependency graph for black_dot
 (<cond@103>,black_dot.G[black_dot]'shared_info,black_dot.G[black_dot]'shared_info$epsilon,black_dot.result,black_dot.s2,black_dot.s1,contains_epsilon(...):99.G[contains_epsilon]'shared_info,contains_epsilon(...):99.G[contains_epsilon]'shared_info$epsilon,contains_epsilon(...):99.result,contains_epsilon(...):99.s_set)
<cond@103>-><cond@103>:?_
<cond@103>->black_dot.result:_
<cond@103>->black_dot.s2:?_
<cond@103>->black_dot.s1:?_
<cond@103>->contains_epsilon(...):99.result:?_
<cond@103>->contains_epsilon(...):99.s_set:?_
black_dot.G[black_dot]'shared_info-><cond@103>:?_
black_dot.G[black_dot]'shared_info->black_dot.result:+01,?_
black_dot.G[black_dot]'shared_info->black_dot.s2:?_
black_dot.G[black_dot]'shared_info->black_dot.s1:?_
black_dot.G[black_dot]'shared_info->contains_epsilon(...):99.G[contains_epsilon]'shared_info:_
black_dot.G[black_dot]'shared_info->contains_epsilon(...):99.result:?_
black_dot.G[black_dot]'shared_info->contains_epsilon(...):99.s_set:?_
black_dot.G[black_dot]'shared_info$epsilon-><cond@103>:?_
black_dot.G[black_dot]'shared_info$epsilon->black_dot.result:_
black_dot.G[black_dot]'shared_info$epsilon->black_dot.s2:?_
black_dot.G[black_dot]'shared_info$epsilon->black_dot.s1:?_
black_dot.G[black_dot]'shared_info$epsilon->contains_epsilon(...):99.G[contains_epsilon]'shared_info$epsilon:(_)
black_dot.G[black_dot]'shared_info$epsilon->contains_epsilon(...):99.result:?_
black_dot.G[black_dot]'shared_info$epsilon->contains_epsilon(...):99.s_set:?_
black_dot.result-><cond@103>:?_
black_dot.result->black_dot.result:?_
black_dot.result->black_dot.s2:?_
black_dot.result->black_dot.s1:?_
black_dot.result->contains_epsilon(...):99.result:?_
black_dot.result->contains_epsilon(...):99.s_set:?_
black_dot.s2-><cond@103>:?_
black_dot.s2->black_dot.result:_
black_dot.s2->black_dot.s2:?_
black_dot.s2->black_dot.s1:?_
black_dot.s2->contains_epsilon(...):99.result:?_
black_dot.s2->contains_epsilon(...):99.s_set:?_
black_dot.s1-><cond@103>:_
black_dot.s1->black_dot.result:_
black_dot.s1->black_dot.s2:?_
black_dot.s1->black_dot.s1:?_
black_dot.s1->contains_epsilon(...):99.result:?_
black_dot.s1->contains_epsilon(...):99.s_set:_
contains_epsilon(...):99.G[contains_epsilon]'shared_info-><cond@103>:?_
contains_epsilon(...):99.G[contains_epsilon]'shared_info->black_dot.result:?_
contains_epsilon(...):99.G[contains_epsilon]'shared_info->black_dot.s2:?_
contains_epsilon(...):99.G[contains_epsilon]'shared_info->black_dot.s1:?_
contains_epsilon(...):99.G[contains_epsilon]'shared_info->contains_epsilon(...):99.result:?_
contains_epsilon(...):99.G[contains_epsilon]'shared_info->contains_epsilon(...):99.s_set:?_
contains_epsilon(...):99.G[contains_epsilon]'shared_info$epsilon-><cond@103>:?_
contains_epsilon(...):99.G[contains_epsilon]'shared_info$epsilon->black_dot.result:?_
contains_epsilon(...):99.G[contains_epsilon]'shared_info$epsilon->black_dot.s2:?_
contains_epsilon(...):99.G[contains_epsilon]'shared_info$epsilon->black_dot.s1:?_
contains_epsilon(...):99.G[contains_epsilon]'shared_info$epsilon->contains_epsilon(...):99.result:?_
contains_epsilon(...):99.G[contains_epsilon]'shared_info$epsilon->contains_epsilon(...):99.s_set:?_
contains_epsilon(...):99.result-><cond@103>:_
contains_epsilon(...):99.result->black_dot.result:?_
contains_epsilon(...):99.result->black_dot.s2:?_
contains_epsilon(...):99.result->black_dot.s1:?_
contains_epsilon(...):99.result->contains_epsilon(...):99.result:?_
contains_epsilon(...):99.result->contains_epsilon(...):99.s_set:?_
contains_epsilon(...):99.s_set-><cond@103>:?_
contains_epsilon(...):99.s_set->black_dot.result:?_
contains_epsilon(...):99.s_set->black_dot.s2:?_
contains_epsilon(...):99.s_set->black_dot.s1:?_
contains_epsilon(...):99.s_set->contains_epsilon(...):99.result:?_
contains_epsilon(...):99.s_set->contains_epsilon(...):99.s_set:?_


Summary dependency graph for Program
G[Program]'shared_info -> G[Program]'shared_info$declarationTable.s_first G[Program]'shared_info$declarationTable!.s_first program_first 
G[Program]'shared_info$declarationTable.s_first -> G[Program]'shared_info$declarationTable.s_first G[Program]'shared_info$declarationTable!.s_first 
G[Program]'shared_info$declarationTable -> G[Program]'shared_info$declarationTable.s_first G[Program]'shared_info$declarationTable!.s_first program_first 
G[Program]'shared_info$epsilon -> G[Program]'shared_info$declarationTable.s_first G[Program]'shared_info$declarationTable!.s_first 
G[Program]'shared_info$declarationTable!.s_first -> G[Program]'shared_info$declarationTable.s_first G[Program]'shared_info$declarationTable!.s_first 
G[Program]'shared_info$declarationTable! -> G[Program]'shared_info$declarationTable.s_first G[Program]'shared_info$declarationTable G[Program]'shared_info$declarationTable!.s_first program_first 
program_first -> 

Summary dependency graph for Item
G[Item]'shared_info -> 
item_symbol -> 
item_is_terminal -> 

Summary dependency graph for Items
G[Items]'shared_info -> G[Items]'shared_info$declarationTable.s_first items_first 
G[Items]'shared_info$declarationTable.s_first -> G[Items]'shared_info$declarationTable.s_first items_first 
G[Items]'shared_info$declarationTable -> G[Items]'shared_info$declarationTable.s_first items_first 
G[Items]'shared_info$epsilon -> G[Items]'shared_info$declarationTable.s_first items_first 
items_first -> G[Items]'shared_info$declarationTable.s_first items_first 

Summary dependency graph for Stmt
G[Stmt]'shared_info -> G[Stmt]'shared_info$declarationTable.s_first G[Stmt]'shared_info$declarationTable!.s_first 
G[Stmt]'shared_info$declarationTable.s_first -> G[Stmt]'shared_info$declarationTable.s_first G[Stmt]'shared_info$declarationTable!.s_first 
G[Stmt]'shared_info$declarationTable -> G[Stmt]'shared_info$declarationTable.s_first G[Stmt]'shared_info$declarationTable!.s_first 
G[Stmt]'shared_info$epsilon -> G[Stmt]'shared_info$declarationTable.s_first G[Stmt]'shared_info$declarationTable!.s_first 
G[Stmt]'shared_info$declarationTable!.s_first -> G[Stmt]'shared_info$declarationTable.s_first G[Stmt]'shared_info$declarationTable!.s_first 
G[Stmt]'shared_info$declarationTable! -> G[Stmt]'shared_info$declarationTable.s_first G[Stmt]'shared_info$declarationTable G[Stmt]'shared_info$declarationTable!.s_first 

Summary dependency graph for Stmts
G[Stmts]'shared_info -> G[Stmts]'shared_info$declarationTable.s_first G[Stmts]'shared_info$declarationTable!.s_first 
G[Stmts]'shared_info$declarationTable.s_first -> G[Stmts]'shared_info$declarationTable.s_first G[Stmts]'shared_info$declarationTable!.s_first 
G[Stmts]'shared_info$declarationTable -> G[Stmts]'shared_info$declarationTable.s_first G[Stmts]'shared_info$declarationTable!.s_first 
G[Stmts]'shared_info$epsilon -> G[Stmts]'shared_info$declarationTable.s_first G[Stmts]'shared_info$declarationTable!.s_first 
G[Stmts]'shared_info$declarationTable!.s_first -> G[Stmts]'shared_info$declarationTable.s_first G[Stmts]'shared_info$declarationTable!.s_first 
G[Stmts]'shared_info$declarationTable! -> G[Stmts]'shared_info$declarationTable.s_first G[Stmts]'shared_info$declarationTable G[Stmts]'shared_info$declarationTable!.s_first 

Summary dependency graph for contains_epsilon
G[contains_epsilon]'shared_info -> result s_set 
G[contains_epsilon]'shared_info$epsilon -> result s_set 
result -> result s_set 
s_set -> result s_set 

Summary dependency graph for black_dot
G[black_dot]'shared_info -> result s2 s1 
G[black_dot]'shared_info$epsilon -> result s2 s1 
result -> result s2 s1 
s2 -> result s2 s1 
s1 -> result s2 s1 
summary cycle involving Program.G[Program]'shared_info$declarationTable.s_first
summary cycle involving Program.G[Program]'shared_info$declarationTable!.s_first
summary cycle involving Items.G[Items]'shared_info$declarationTable.s_first
summary cycle involving Items.items_first
summary cycle involving Stmt.G[Stmt]'shared_info$declarationTable.s_first
summary cycle involving Stmt.G[Stmt]'shared_info$declarationTable!.s_first
summary cycle involving Stmts.G[Stmts]'shared_info$declarationTable.s_first
summary cycle involving Stmts.G[Stmts]'shared_info$declarationTable!.s_first
summary cycle involving contains_epsilon.result
summary cycle involving contains_epsilon.s_set
summary cycle involving black_dot.result
summary cycle involving black_dot.s2
summary cycle involving black_dot.s1
local cycle for stmt involving self.G[Stmt]'shared_info$declarationTable.s_first
local cycle for stmt involving self.G[Stmt]'shared_info$declarationTable!.s_first
local cycle for stmt involving items.G[Items]'shared_info$declarationTable.s_first
local cycle for stmt involving items.items_first
local cycle for stmt involving temp
local cycle for stmt involving s_obj$s_first
local cycle for stmt involving s_obj$s_first!
local cycle for program involving self.G[Program]'shared_info$declarationTable.s_first
local cycle for program involving self.G[Program]'shared_info$declarationTable!.s_first
local cycle for program involving stmts.G[Stmts]'shared_info$declarationTable.s_first
local cycle for program involving stmts.G[Stmts]'shared_info$declarationTable!.s_first
local cycle for none involving self.G[Items]'shared_info$declarationTable.s_first
local cycle for none involving self.items_first
local cycle for single involving self.G[Items]'shared_info$declarationTable.s_first
local cycle for single involving self.items_first
local cycle for single involving item_first_objs$s_first
local cycle for single involving first$s_first
local cycle for append involving self.G[Items]'shared_info$declarationTable.s_first
local cycle for append involving self.items_first
local cycle for append involving items1.G[Items]'shared_info$declarationTable.s_first
local cycle for append involving items1.items_first
local cycle for append involving items2.G[Items]'shared_info$declarationTable.s_first
local cycle for append involving items2.items_first
local cycle for append involving black_dot(...):79.result
local cycle for append involving black_dot(...):79.s2
local cycle for append involving black_dot(...):79.s1
local cycle for none involving self.G[Stmts]'shared_info$declarationTable.s_first
local cycle for none involving self.G[Stmts]'shared_info$declarationTable!.s_first
local cycle for single involving self.G[Stmts]'shared_info$declarationTable.s_first
local cycle for single involving self.G[Stmts]'shared_info$declarationTable!.s_first
local cycle for single involving stmt.G[Stmt]'shared_info$declarationTable.s_first
local cycle for single involving stmt.G[Stmt]'shared_info$declarationTable!.s_first
local cycle for append involving self.G[Stmts]'shared_info$declarationTable.s_first
local cycle for append involving self.G[Stmts]'shared_info$declarationTable!.s_first
local cycle for append involving stmts1.G[Stmts]'shared_info$declarationTable.s_first
local cycle for append involving stmts1.G[Stmts]'shared_info$declarationTable!.s_first
local cycle for append involving stmts2.G[Stmts]'shared_info$declarationTable.s_first
local cycle for append involving stmts2.G[Stmts]'shared_info$declarationTable!.s_first
local cycle for contains_epsilon involving contains_epsilon.result
local cycle for contains_epsilon involving contains_epsilon.s_set
local cycle for black_dot involving <cond@103>
local cycle for black_dot involving black_dot.result
local cycle for black_dot involving black_dot.s2
local cycle for black_dot involving black_dot.s1
local cycle for black_dot involving contains_epsilon(...):99.result
local cycle for black_dot involving contains_epsilon(...):99.s_set
